<?xml version="1.0" encoding="UTF-8"?>
<testsuite xmlns:xsi="http://www.w3.org/2001/XMLSchema-instance" xsi:noNamespaceSchemaLocation="https://maven.apache.org/surefire/maven-surefire-plugin/xsd/surefire-test-report.xsd" name="com.bk.SpockTest" time="0.882" tests="4" errors="4" skipped="0" failures="0">
  <properties>
[...]
</properties>
  <testcase name="mainTest_第一个测试方法" classname="com.bk.SpockTest" time="0.037">
    <error message="No signature of method: com.bk.SpockTest.reportInfo() is applicable for argument types: (String) values: [测试方法-xj.q]" type="groovy.lang.MissingMethodException">groovy.lang.MissingMethodException: No signature of method: com.bk.SpockTest.reportInfo() is applicable for argument types: (String) values: [测试方法-xj.q]
	at com.bk.SpockTest.mainTest_第一个测试方法(SpockTest.groovy:28)
</error>
  </testcase>
  <testcase name="mainTest_第一个测试方法" classname="com.bk.SpockTest" time="0.048">
    <error message="No signature of method: com.bk.SpockTest.reportInfo() is applicable for argument types: (String) values: [测试方法-xj.q]" type="groovy.lang.MissingMethodException">groovy.lang.MissingMethodException: No signature of method: com.bk.SpockTest.reportInfo() is applicable for argument types: (String) values: [测试方法-xj.q]
	at com.bk.SpockTest.mainTest_第一个测试方法(SpockTest.groovy:28)
</error>
  </testcase>
  <testcase name="mainTest_第一个测试方法" classname="com.bk.SpockTest" time="0.052">
    <error message="No signature of method: com.bk.SpockTest.reportInfo() is applicable for argument types: (String) values: [测试方法-xj.q]" type="groovy.lang.MissingMethodException">groovy.lang.MissingMethodException: No signature of method: com.bk.SpockTest.reportInfo() is applicable for argument types: (String) values: [测试方法-xj.q]
	at com.bk.SpockTest.mainTest_第一个测试方法(SpockTest.groovy:28)
</error>
  </testcase>
  <testcase name="mainTest_第一个测试方法" classname="com.bk.SpockTest" time="0.055">
    <error message="No signature of method: com.bk.SpockTest.reportInfo() is applicable for argument types: (String) values: [测试方法-xj.q]" type="groovy.lang.MissingMethodException">groovy.lang.MissingMethodException: No signature of method: com.bk.SpockTest.reportInfo() is applicable for argument types: (String) values: [测试方法-xj.q]
	at com.bk.SpockTest.mainTest_第一个测试方法(SpockTest.groovy:28)
</error>
  </testcase>
</testsuite>